Removed Pin From Net: NetName=NetC3_1 Pin=U1-1
Removed Pin From Net: NetName=+12 Pin=U1-2
Removed Pin From Net: NetName=NetR3_1 Pin=U1-4
Removed Pin From Net: NetName=GND Pin=U1-5
Removed Pin From Net: NetName=GND Pin=U1-5
Removed Pin From Net: NetName=NetC2_2 Pin=U1-6
Removed Pin From Net: NetName=NetR1_1 Pin=U1-7
Removed Pin From Net: NetName=NetR2_1 Pin=U1-8
Removed Pin From Net: NetName=NetC4_1 Pin=U1-10
Removed Pin From Net: NetName=NetQ1_1 Pin=U1-11
Removed Pin From Net: NetName=NetC4_2 Pin=U1-12
Removed Pin From Net: NetName=NetQ2_1 Pin=U1-13
Removed Pin From Net: NetName=GND Pin=U1-14
Removed Pin From Net: NetName=GND Pin=U1-15
Removed Member From Class: ClassName=SMPS Member=U1
Added Component: Designator=U?(LM3150MH/NOPB)
Add component. Clean all parameters for all variants
Add component (AddParameter): Name = "MF"; Value = ""; VariantName = "[No Variations]"
Add component (AddParameter): Name = "PN"; Value = ""; VariantName = "[No Variations]"
Added Pin To Net: NetName=NetC3_1 Pin=U?-1
Added Pin To Net: NetName=+12 Pin=U?-2
Added Pin To Net: NetName=NetR3_1 Pin=U?-4
Added Pin To Net: NetName=GND Pin=U?-5
Added Pin To Net: NetName=GND Pin=U?-5
Added Pin To Net: NetName=NetC2_2 Pin=U?-6
Added Pin To Net: NetName=NetR1_1 Pin=U?-7
Added Pin To Net: NetName=NetR2_1 Pin=U?-8
Added Pin To Net: NetName=NetC4_1 Pin=U?-10
Added Pin To Net: NetName=NetQ1_1 Pin=U?-11
Added Pin To Net: NetName=NetC4_2 Pin=U?-12
Added Pin To Net: NetName=NetQ2_1 Pin=U?-13
Added Member To Class: ClassName=SMPS Member=Component U? LM3150MH/NOPB
