Change Component Footprint: Designator=L1 Old Footprint=IHLP5050EZER4R7M01 New Footprint=LQW2UAS4R7J00L
Change Component Comment : Designator=C1 Old Comment=10uF New Comment=0.1uF
Change Component Comment : Designator=L1 Old Comment=IHLP5050EZER4R7M01 New Comment=4.7uH
Change Component Designator: OldDesignator=C1 NewDesignator=C2
Change Component Designator: OldDesignator=C2 NewDesignator=C3
Change Component Designator: OldDesignator=C3 NewDesignator=C4
Change Component Designator: OldDesignator=C4 NewDesignator=C5
Change Component Designator: OldDesignator=C5 NewDesignator=C6
Change component parameters: Designator = "L1"; Footprint = "LQW2UAS4R7J00L"; UniqueID = "\UKBVBXAG"
Change component parameters. Clean all parameters for all variants
Change component parameters (AddParameter): Name = "MF"; Value = "Murata Electronics"; VariantName = "[No Variations]"
Change component parameters (AddParameter): Name = "PN"; Value = "LQW2UAS4R7J00L"; VariantName = "[No Variations]"
Added Component: Designator=C1(0402)
Add component. Clean all parameters for all variants
Add component (AddParameter): Name = "MF"; Value = ""; VariantName = "[No Variations]"
Add component (AddParameter): Name = "PN"; Value = ""; VariantName = "[No Variations]"
Added Pin To Net: NetName=GND Pin=C1-1
Added Pin To Net: NetName=+12 Pin=C1-2
Change Net Name : Old Net Name=NetC2_2 New Net Name=NetC3_2
Change Net Name : Old Net Name=NetC3_1 New Net Name=NetC4_1
Change Net Name : Old Net Name=NetC4_1 New Net Name=NetC5_1
Change Net Name : Old Net Name=NetC4_2 New Net Name=NetC5_2
Added Member To Class: ClassName=SMPS Member=Component C6 4700uF
Added Room: Name=SMPS
